[debug] [2023-10-11T14:23:51.224Z] ----------------------------------------------------------------------
[debug] [2023-10-11T14:23:51.225Z] Command:       /home/elizabeth/.nvm/versions/node/v16.20.2/bin/node /home/elizabeth/.nvm/versions/node/v16.20.2/bin/firebase init
[debug] [2023-10-11T14:23:51.225Z] CLI Version:   12.6.2
[debug] [2023-10-11T14:23:51.225Z] Platform:      linux
[debug] [2023-10-11T14:23:51.225Z] Node Version:  v16.20.2
[debug] [2023-10-11T14:23:51.226Z] Time:          Wed Oct 11 2023 17:23:51 GMT+0300 (Moscow Standard Time)
[debug] [2023-10-11T14:23:51.226Z] ----------------------------------------------------------------------
[debug] 
[debug] [2023-10-11T14:23:51.230Z] > command requires scopes: ["email","openid","https://www.googleapis.com/auth/cloudplatformprojects.readonly","https://www.googleapis.com/auth/firebase","https://www.googleapis.com/auth/cloud-platform"]
[debug] [2023-10-11T14:23:51.230Z] > authorizing via signed-in user (liza.kor142001@gmail.com)
[info] 
     ######## #### ########  ######## ########     ###     ######  ########
     ##        ##  ##     ## ##       ##     ##  ##   ##  ##       ##
     ######    ##  ########  ######   ########  #########  ######  ######
     ##        ##  ##    ##  ##       ##     ## ##     ##       ## ##
     ##       #### ##     ## ######## ########  ##     ##  ######  ########

You're about to initialize a Firebase project in this directory:

  /home/elizabeth/LIZA/fridge

[info] 
=== Project Setup
[info] 
[info] First, let's associate this project directory with a Firebase project.
[info] You can create multiple project aliases by running firebase use --add, 
[info] but for now we'll just set up a default project.
[info] 
[debug] [2023-10-11T14:24:06.513Z] >>> [apiv2][query] GET https://firebase.googleapis.com/v1beta1/projects pageSize=100
[debug] [2023-10-11T14:24:07.080Z] <<< [apiv2][status] GET https://firebase.googleapis.com/v1beta1/projects 200
[debug] [2023-10-11T14:24:07.080Z] <<< [apiv2][body] GET https://firebase.googleapis.com/v1beta1/projects [omitted]
[info] i  Using project frige-test (Frige test) 
[info] 
=== Firestore Setup
[debug] [2023-10-11T14:24:09.003Z] >>> [apiv2][query] GET https://serviceusage.googleapis.com/v1/projects/frige-test/services/firestore.googleapis.com [none]
[debug] [2023-10-11T14:24:09.003Z] >>> [apiv2][(partial)header] GET https://serviceusage.googleapis.com/v1/projects/frige-test/services/firestore.googleapis.com x-goog-quota-user=projects/frige-test
[debug] [2023-10-11T14:24:10.063Z] <<< [apiv2][status] GET https://serviceusage.googleapis.com/v1/projects/frige-test/services/firestore.googleapis.com 200
[debug] [2023-10-11T14:24:10.064Z] <<< [apiv2][body] GET https://serviceusage.googleapis.com/v1/projects/frige-test/services/firestore.googleapis.com [omitted]
[debug] [2023-10-11T14:24:10.064Z] >>> [apiv2][query] GET https://firestore.googleapis.com/v1/projects/frige-test/databases/(default) [none]
[debug] [2023-10-11T14:24:10.385Z] <<< [apiv2][status] GET https://firestore.googleapis.com/v1/projects/frige-test/databases/(default) 200
[debug] [2023-10-11T14:24:10.386Z] <<< [apiv2][body] GET https://firestore.googleapis.com/v1/projects/frige-test/databases/(default) {"name":"projects/frige-test/databases/(default)","uid":"2f00ced3-9648-4a75-a786-ac215c5cebc0","createTime":"2023-10-11T14:19:55.569960Z","updateTime":"2023-10-11T14:19:55.569960Z","locationId":"eur3","type":"FIRESTORE_NATIVE","concurrencyMode":"PESSIMISTIC","versionRetentionPeriod":"3600s","earliestVersionTime":"2023-10-11T14:19:55.569960Z","appEngineIntegrationMode":"DISABLED","keyPrefix":"e","pointInTimeRecoveryEnablement":"POINT_IN_TIME_RECOVERY_DISABLED","deleteProtectionState":"DELETE_PROTECTION_DISABLED","etag":"IPm6qZ2Z7oEDMKiW6aOY7oED"}
[debug] [2023-10-11T14:24:10.386Z] database_type: FIRESTORE_NATIVE
[debug] [2023-10-11T14:24:10.386Z] > command requires scopes: ["email","openid","https://www.googleapis.com/auth/cloudplatformprojects.readonly","https://www.googleapis.com/auth/firebase","https://www.googleapis.com/auth/cloud-platform"]
[debug] [2023-10-11T14:24:10.386Z] > authorizing via signed-in user (liza.kor142001@gmail.com)
[debug] [2023-10-11T14:24:10.386Z] [iam] checking project frige-test for permissions ["firebase.projects.get"]
[debug] [2023-10-11T14:24:10.386Z] >>> [apiv2][query] POST https://cloudresourcemanager.googleapis.com/v1/projects/frige-test:testIamPermissions [none]
[debug] [2023-10-11T14:24:10.387Z] >>> [apiv2][(partial)header] POST https://cloudresourcemanager.googleapis.com/v1/projects/frige-test:testIamPermissions x-goog-quota-user=projects/frige-test
[debug] [2023-10-11T14:24:10.387Z] >>> [apiv2][body] POST https://cloudresourcemanager.googleapis.com/v1/projects/frige-test:testIamPermissions {"permissions":["firebase.projects.get"]}
[debug] [2023-10-11T14:24:11.251Z] <<< [apiv2][status] POST https://cloudresourcemanager.googleapis.com/v1/projects/frige-test:testIamPermissions 200
[debug] [2023-10-11T14:24:11.251Z] <<< [apiv2][body] POST https://cloudresourcemanager.googleapis.com/v1/projects/frige-test:testIamPermissions {"permissions":["firebase.projects.get"]}
[info] 
[info] Firestore Security Rules allow you to define how and when to allow
[info] requests. You can keep these rules in your project directory
[info] and publish them with firebase deploy.
[info] 
[debug] [2023-10-11T14:24:14.856Z] >>> [apiv2][query] GET https://firebaserules.googleapis.com/v1/projects/frige-test/releases pageSize=10&pageToken=
[debug] [2023-10-11T14:24:15.813Z] <<< [apiv2][status] GET https://firebaserules.googleapis.com/v1/projects/frige-test/releases 200
[debug] [2023-10-11T14:24:15.813Z] <<< [apiv2][body] GET https://firebaserules.googleapis.com/v1/projects/frige-test/releases {"releases":[{"name":"projects/frige-test/releases/cloud.firestore","rulesetName":"projects/frige-test/rulesets/87585a54-0739-4ea7-8916-b0b084edce53","createTime":"2023-10-11T14:20:02.962852Z","updateTime":"2023-10-11T14:20:02.962852Z"}]}
[debug] [2023-10-11T14:24:15.813Z] Found ruleset: projects/frige-test/rulesets/87585a54-0739-4ea7-8916-b0b084edce53
[debug] [2023-10-11T14:24:15.814Z] >>> [apiv2][query] GET https://firebaserules.googleapis.com/v1/projects/frige-test/rulesets/87585a54-0739-4ea7-8916-b0b084edce53 [none]
[debug] [2023-10-11T14:24:16.749Z] <<< [apiv2][status] GET https://firebaserules.googleapis.com/v1/projects/frige-test/rulesets/87585a54-0739-4ea7-8916-b0b084edce53 200
[debug] [2023-10-11T14:24:16.749Z] <<< [apiv2][body] GET https://firebaserules.googleapis.com/v1/projects/frige-test/rulesets/87585a54-0739-4ea7-8916-b0b084edce53 [omitted]
[info] 
[info] Firestore indexes allow you to perform complex queries while
[info] maintaining performance that scales with the size of the result
[info] set. You can keep index definitions in your project directory
[info] and publish them with firebase deploy.
[info] 
[debug] [2023-10-11T14:24:18.911Z] >>> [apiv2][query] GET https://firestore.googleapis.com/v1/projects/frige-test/databases/(default)/collectionGroups/-/indexes [none]
[debug] [2023-10-11T14:24:18.912Z] >>> [apiv2][query] GET https://firestore.googleapis.com/v1/projects/frige-test/databases/(default)/collectionGroups/-/fields?filter=indexConfig.usesAncestorConfig=false OR ttlConfig:* [none]
[debug] [2023-10-11T14:24:19.193Z] <<< [apiv2][status] GET https://firestore.googleapis.com/v1/projects/frige-test/databases/(default)/collectionGroups/-/indexes 200
[debug] [2023-10-11T14:24:19.194Z] <<< [apiv2][body] GET https://firestore.googleapis.com/v1/projects/frige-test/databases/(default)/collectionGroups/-/indexes {}
[debug] [2023-10-11T14:24:19.585Z] <<< [apiv2][status] GET https://firestore.googleapis.com/v1/projects/frige-test/databases/(default)/collectionGroups/-/fields?filter=indexConfig.usesAncestorConfig=false OR ttlConfig:* 200
[debug] [2023-10-11T14:24:19.585Z] <<< [apiv2][body] GET https://firestore.googleapis.com/v1/projects/frige-test/databases/(default)/collectionGroups/-/fields?filter=indexConfig.usesAncestorConfig=false OR ttlConfig:* {"fields":[{"name":"projects/frige-test/databases/(default)/collectionGroups/__default__/fields/*","indexConfig":{"indexes":[{"queryScope":"COLLECTION","fields":[{"fieldPath":"*","order":"ASCENDING"}],"state":"READY"},{"queryScope":"COLLECTION","fields":[{"fieldPath":"*","order":"DESCENDING"}],"state":"READY"},{"queryScope":"COLLECTION","fields":[{"fieldPath":"*","arrayConfig":"CONTAINS"}],"state":"READY"}]}}]}
[info] 
=== Hosting Setup
[info] 
[info] Your public directory is the folder (relative to your project directory) that
[info] will contain Hosting assets to be uploaded with firebase deploy. If you
[info] have a build process for your assets, use your build's output directory.
[info] 
[debug] [2023-10-11T14:25:32.337Z] >>> [apiv2][query] GET https://www.gstatic.com/firebasejs/releases.json [none]
[debug] [2023-10-11T14:25:32.480Z] <<< [apiv2][status] GET https://www.gstatic.com/firebasejs/releases.json 200
[debug] [2023-10-11T14:25:32.480Z] <<< [apiv2][body] GET https://www.gstatic.com/firebasejs/releases.json {"current":{"version":"10.4.0","browserURL":"https://www.gstatic.com/firebasejs/10.4.0/firebase.js","packageURL":"https://www.gstatic.com/firebasejs/10.4.0/firebase.tgz"},"live":{"version":"10.4","browserURL":"https://www.gstatic.com/firebasejs/live/10.4/firebase.js","packageURL":"https://www.gstatic.com/firebasejs/live/10.4/firebase.tgz"},"components":{"analytics":"https://www.gstatic.com/firebasejs/10.4.0/firebase-analytics.js","app":"https://www.gstatic.com/firebasejs/10.4.0/firebase-app.js","app-check":"https://www.gstatic.com/firebasejs/10.4.0/firebase-app-check.js","auth":"https://www.gstatic.com/firebasejs/10.4.0/firebase-auth.js","auth/cordova":"https://www.gstatic.com/firebasejs/10.4.0/firebase-auth/cordova.js","functions":"https://www.gstatic.com/firebasejs/10.4.0/firebase-functions.js","firestore":"https://www.gstatic.com/firebasejs/10.4.0/firebase-firestore.js","firestore/lite":"https://www.gstatic.com/firebasejs/10.4.0/firebase-firestore/lite.js","installations":"https://www.gstatic.com/firebasejs/10.4.0/firebase-installations.js","storage":"https://www.gstatic.com/firebasejs/10.4.0/firebase-storage.js","performance":"https://www.gstatic.com/firebasejs/10.4.0/firebase-performance.js","remote-config":"https://www.gstatic.com/firebasejs/10.4.0/firebase-remote-config.js","messaging":"https://www.gstatic.com/firebasejs/10.4.0/firebase-messaging.js","messaging/sw":"https://www.gstatic.com/firebasejs/10.4.0/firebase-messaging/sw.js","database":"https://www.gstatic.com/firebasejs/10.4.0/firebase-database.js","firestore.memory":"https://www.gstatic.com/firebasejs/10.4.0/firebase-firestore.memory.js"}}
[info] ✔  Wrote build/index.html 
[info] 
[info] i  Didn't detect a .git folder. Assuming /home/elizabeth/LIZA/fridge is the project root. 
[info] i  Authorizing with GitHub to upload your service account to a GitHub repository's secrets store. 
[info] 
[info] Visit this URL on this device to log in:
[info] https://github.com/login/oauth/authorize?client_id=89cf50f02ac6aaed3484&state=415070035&redirect_uri=http%3A%2F%2Flocalhost%3A9005&scope=read%3Auser%20repo%20public_repo
[info] 
[info] Waiting for authentication...
[debug] [2023-10-11T14:26:56.433Z] >>> [apiv2][query] POST https://github.com/login/oauth/access_token [none]
[debug] [2023-10-11T14:26:56.434Z] >>> [apiv2][body] POST https://github.com/login/oauth/access_token [stream]
[debug] [2023-10-11T14:26:56.783Z] <<< [apiv2][status] POST https://github.com/login/oauth/access_token 200
[debug] [2023-10-11T14:26:56.783Z] <<< [apiv2][body] POST https://github.com/login/oauth/access_token {"access_token":"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","token_type":"bearer","scope":"read:user,repo"}
[debug] [2023-10-11T14:26:56.787Z] >>> [apiv2][query] GET https://api.github.com/user [none]
[debug] [2023-10-11T14:26:57.221Z] <<< [apiv2][status] GET https://api.github.com/user 200
[debug] [2023-10-11T14:26:57.221Z] <<< [apiv2][body] GET https://api.github.com/user {"login":"LizaKornilo","id":72491313,"node_id":"MDQ6VXNlcjcyNDkxMzEz","avatar_url":"https://avatars.githubusercontent.com/u/72491313?v=4","gravatar_id":"","url":"https://api.github.com/users/LizaKornilo","html_url":"https://github.com/LizaKornilo","followers_url":"https://api.github.com/users/LizaKornilo/followers","following_url":"https://api.github.com/users/LizaKornilo/following{/other_user}","gists_url":"https://api.github.com/users/LizaKornilo/gists{/gist_id}","starred_url":"https://api.github.com/users/LizaKornilo/starred{/owner}{/repo}","subscriptions_url":"https://api.github.com/users/LizaKornilo/subscriptions","organizations_url":"https://api.github.com/users/LizaKornilo/orgs","repos_url":"https://api.github.com/users/LizaKornilo/repos","events_url":"https://api.github.com/users/LizaKornilo/events{/privacy}","received_events_url":"https://api.github.com/users/LizaKornilo/received_events","type":"User","site_admin":false,"name":null,"company":null,"blog":"","location":null,"email":null,"hireable":null,"bio":null,"twitter_username":null,"public_repos":17,"public_gists":0,"followers":0,"following":0,"created_at":"2020-10-07T07:39:50Z","updated_at":"2023-10-09T14:56:32Z","private_gists":0,"total_private_repos":7,"owned_private_repos":7,"disk_usage":130716,"collaborators":3,"two_factor_authentication":false,"plan":{"name":"free","space":976562499,"collaborators":0,"private_repos":10000}}
[info] 
[info] ✔  Success! Logged into GitHub as LizaKornilo 
[info] 
[debug] [2023-10-11T14:27:10.582Z] >>> [apiv2][query] GET https://api.github.com/repos//actions/secrets/public-key type=owner
[debug] [2023-10-11T14:27:10.894Z] <<< [apiv2][status] GET https://api.github.com/repos//actions/secrets/public-key 404
[debug] [2023-10-11T14:27:10.894Z] <<< [apiv2][body] GET https://api.github.com/repos//actions/secrets/public-key {"message":"Not Found","documentation_url":"https://docs.github.com/rest"}
[info] 
[info] 
[error] ⚠  The provided authorization cannot be used with this repository. If this repository is in an organization, did you remember to grant access? 
[info] 
[info] i  Action required: Visit this URL to ensure access has been granted to the appropriate organization(s) for the Firebase CLI GitHub OAuth App: 
[info] https://github.com/settings/connections/applications/89cf50f02ac6aaed3484
[info] 
[debug] [2023-10-11T14:27:11.286Z] >>> [apiv2][query] GET https://api.github.com/repos//actions/secrets/public-key type=owner
[debug] [2023-10-11T14:27:11.614Z] <<< [apiv2][status] GET https://api.github.com/repos//actions/secrets/public-key 404
[debug] [2023-10-11T14:27:11.614Z] <<< [apiv2][body] GET https://api.github.com/repos//actions/secrets/public-key {"message":"Not Found","documentation_url":"https://docs.github.com/rest"}
[info] 
[info] 
[error] ⚠  The provided authorization cannot be used with this repository. If this repository is in an organization, did you remember to grant access? 
[info] 
[info] i  Action required: Visit this URL to ensure access has been granted to the appropriate organization(s) for the Firebase CLI GitHub OAuth App: 
[info] https://github.com/settings/connections/applications/89cf50f02ac6aaed3484
[info] 
[debug] [2023-10-11T14:27:11.741Z] >>> [apiv2][query] GET https://api.github.com/repos//actions/secrets/public-key type=owner
[debug] [2023-10-11T14:27:11.893Z] >>> [apiv2][query] GET https://api.github.com/repos//actions/secrets/public-key type=owner
[debug] [2023-10-11T14:27:12.067Z] <<< [apiv2][status] GET https://api.github.com/repos//actions/secrets/public-key 404
[debug] [2023-10-11T14:27:12.067Z] <<< [apiv2][body] GET https://api.github.com/repos//actions/secrets/public-key {"message":"Not Found","documentation_url":"https://docs.github.com/rest"}
[info] 
[info] 
[error] ⚠  The provided authorization cannot be used with this repository. If this repository is in an organization, did you remember to grant access? 
[info] 
[info] i  Action required: Visit this URL to ensure access has been granted to the appropriate organization(s) for the Firebase CLI GitHub OAuth App: 
[info] https://github.com/settings/connections/applications/89cf50f02ac6aaed3484
[info] 
[debug] [2023-10-11T14:27:12.218Z] <<< [apiv2][status] GET https://api.github.com/repos//actions/secrets/public-key 404
[debug] [2023-10-11T14:27:12.218Z] <<< [apiv2][body] GET https://api.github.com/repos//actions/secrets/public-key {"message":"Not Found","documentation_url":"https://docs.github.com/rest"}
[info] 
[info] 
[error] ⚠  The provided authorization cannot be used with this repository. If this repository is in an organization, did you remember to grant access? 
[info] 
[info] i  Action required: Visit this URL to ensure access has been granted to the appropriate organization(s) for the Firebase CLI GitHub OAuth App: 
[info] https://github.com/settings/connections/applications/89cf50f02ac6aaed3484
[info] 
